<?xml version="1.0" encoding="UTF-8"?>
<!-- Generated by org.testng.reporters.JUnitReportReporter -->
<testsuite skipped="0" hostname="dell-PC" name="com.edureka.testngpackage.firstTestNgClass" tests="4" failures="0" timestamp="09 Sep 2018 20:17:17 GMT" time="0.063" errors="0">
  <testcase name="deleteuser" time="0.063" classname="com.edureka.testngpackage.firstTestNgClass"/>
  <testcase name="sample" time="0.000" classname="com.edureka.testngpackage.firstTestNgClass"/>
  <testcase name="display" time="0.000" classname="com.edureka.testngpackage.firstTestNgClass"/>
  <testcase name="editUser" time="0.000" classname="com.edureka.testngpackage.firstTestNgClass"/>
</testsuite> <!-- com.edureka.testngpackage.firstTestNgClass -->
